<?xml version="1.0" encoding="UTF-8"?>
<!-- Generated by org.testng.reporters.JUnitXMLReporter -->
<testsuite ignored="0" hostname="MY-Thinkbook" failures="2" tests="2" name="Command line test" time="43.832" errors="0" timestamp="2023-08-09T18:44:00 EET">
  <testcase classname="appium.ApiDemosTest" name="test" time="23.497">
    <failure type="org.openqa.selenium.SessionNotCreatedException" message="Could not start a new session. Response code 500. Message: An unknown server-side error occurred while processing the command. Original error: Could not find a connected Android device in 20224ms. 
Host info: host: &amp;apos;MY-THINKBOOK&amp;apos;, ip: &amp;apos;192.168.1.34&amp;apos;
Build info: version: &amp;apos;4.11.0&amp;apos;, revision: &amp;apos;040bc5406b&amp;apos;
System info: os.name: &amp;apos;Windows 10&amp;apos;, os.arch: &amp;apos;amd64&amp;apos;, os.version: &amp;apos;10.0&amp;apos;, java.version: &amp;apos;11.0.16.1&amp;apos;
Driver info: io.appium.java_client.android.AndroidDriver
Command: [null, newSession {capabilities=[{appium:app=C:\Users\Lenovo\IdeaProjects\Appium\src\Apps\ApiDemos-debug.apk, appium:appActivity=com.android.permissioncontroller.permission.ui.ReviewPermissionsActivity, appium:appPackage=com.google.android.permissioncontroller, appium:automationName=UIAutomator2, appium:deviceName=masutcu, appium:noReset=true, platformName=ANDROID, appium:platformVersion=10}], desiredCapabilities=Capabilities {app: C:\Users\Lenovo\IdeaProject..., appActivity: com.android.permissioncontr..., appPackage: com.google.android.permissi..., automationName: UIAutomator2, deviceName: masutcu, noReset: true, platformName: ANDROID, platformVersion: 10}}]
Capabilities {app: C:\Users\Lenovo\IdeaProject..., appActivity: com.android.permissioncontr..., appPackage: com.google.android.permissi..., automationName: UIAutomator2, deviceName: masutcu, noReset: true, platformName: ANDROID, platformVersion: 10}">
      <![CDATA[org.openqa.selenium.SessionNotCreatedException: Could not start a new session. Response code 500. Message: An unknown server-side error occurred while processing the command. Original error: Could not find a connected Android device in 20224ms. 
Host info: host: 'MY-THINKBOOK', ip: '192.168.1.34'
Build info: version: '4.11.0', revision: '040bc5406b'
System info: os.name: 'Windows 10', os.arch: 'amd64', os.version: '10.0', java.version: '11.0.16.1'
Driver info: io.appium.java_client.android.AndroidDriver
Command: [null, newSession {capabilities=[{appium:app=C:\Users\Lenovo\IdeaProjects\Appium\src\Apps\ApiDemos-debug.apk, appium:appActivity=com.android.permissioncontroller.permission.ui.ReviewPermissionsActivity, appium:appPackage=com.google.android.permissioncontroller, appium:automationName=UIAutomator2, appium:deviceName=masutcu, appium:noReset=true, platformName=ANDROID, appium:platformVersion=10}], desiredCapabilities=Capabilities {app: C:\Users\Lenovo\IdeaProject..., appActivity: com.android.permissioncontr..., appPackage: com.google.android.permissi..., automationName: UIAutomator2, deviceName: masutcu, noReset: true, platformName: ANDROID, platformVersion: 10}}]
Capabilities {app: C:\Users\Lenovo\IdeaProject..., appActivity: com.android.permissioncontr..., appPackage: com.google.android.permissi..., automationName: UIAutomator2, deviceName: masutcu, noReset: true, platformName: ANDROID, platformVersion: 10}
at org.openqa.selenium.remote.ProtocolHandshake.createSession(ProtocolHandshake.java:140)
at io.appium.java_client.remote.AppiumProtocolHandshake.createSession(AppiumProtocolHandshake.java:133)
at io.appium.java_client.remote.AppiumProtocolHandshake.createSession(AppiumProtocolHandshake.java:102)
at io.appium.java_client.remote.AppiumCommandExecutor.createSession(AppiumCommandExecutor.java:194)
at io.appium.java_client.remote.AppiumCommandExecutor.execute(AppiumCommandExecutor.java:262)
at org.openqa.selenium.remote.RemoteWebDriver.execute(RemoteWebDriver.java:518)
at io.appium.java_client.AppiumDriver.startSession(AppiumDriver.java:229)
at org.openqa.selenium.remote.RemoteWebDriver.<init>(RemoteWebDriver.java:159)
at io.appium.java_client.AppiumDriver.<init>(AppiumDriver.java:80)
at io.appium.java_client.AppiumDriver.<init>(AppiumDriver.java:92)
at io.appium.java_client.android.AndroidDriver.<init>(AndroidDriver.java:117)
at appium.ApiDemosTest.test(ApiDemosTest.java:30)
at java.base/java.util.ArrayList.forEach(ArrayList.java:1541)
... Removed 41 stack frames]]>
    </failure>
  </testcase> <!-- test -->
  <testcase classname="appium.Appium09UiSelectorTestCase" name="test" time="20.276">
    <failure type="org.openqa.selenium.SessionNotCreatedException" message="Could not start a new session. Response code 500. Message: An unknown server-side error occurred while processing the command. Original error: Could not find a connected Android device in 20213ms. 
Host info: host: &amp;apos;MY-THINKBOOK&amp;apos;, ip: &amp;apos;192.168.1.34&amp;apos;
Build info: version: &amp;apos;4.11.0&amp;apos;, revision: &amp;apos;040bc5406b&amp;apos;
System info: os.name: &amp;apos;Windows 10&amp;apos;, os.arch: &amp;apos;amd64&amp;apos;, os.version: &amp;apos;10.0&amp;apos;, java.version: &amp;apos;11.0.16.1&amp;apos;
Driver info: io.appium.java_client.android.AndroidDriver
Command: [null, newSession {capabilities=[{appium:app=C:\Users\Lenovo\IdeaProjects\Appium\src\Apps\GestureTool.apk, appium:automationName=UiAutomator2, appium:deviceName=RealDevice, appium:noReset=true, platformName=ANDROID, appium:platformVersion=13.0}], desiredCapabilities=Capabilities {app: C:\Users\Lenovo\IdeaProject..., automationName: UiAutomator2, deviceName: RealDevice, noReset: true, platformName: ANDROID, platformVersion: 13.0}}]
Capabilities {app: C:\Users\Lenovo\IdeaProject..., automationName: UiAutomator2, deviceName: RealDevice, noReset: true, platformName: ANDROID, platformVersion: 13.0}">
      <![CDATA[org.openqa.selenium.SessionNotCreatedException: Could not start a new session. Response code 500. Message: An unknown server-side error occurred while processing the command. Original error: Could not find a connected Android device in 20213ms. 
Host info: host: 'MY-THINKBOOK', ip: '192.168.1.34'
Build info: version: '4.11.0', revision: '040bc5406b'
System info: os.name: 'Windows 10', os.arch: 'amd64', os.version: '10.0', java.version: '11.0.16.1'
Driver info: io.appium.java_client.android.AndroidDriver
Command: [null, newSession {capabilities=[{appium:app=C:\Users\Lenovo\IdeaProjects\Appium\src\Apps\GestureTool.apk, appium:automationName=UiAutomator2, appium:deviceName=RealDevice, appium:noReset=true, platformName=ANDROID, appium:platformVersion=13.0}], desiredCapabilities=Capabilities {app: C:\Users\Lenovo\IdeaProject..., automationName: UiAutomator2, deviceName: RealDevice, noReset: true, platformName: ANDROID, platformVersion: 13.0}}]
Capabilities {app: C:\Users\Lenovo\IdeaProject..., automationName: UiAutomator2, deviceName: RealDevice, noReset: true, platformName: ANDROID, platformVersion: 13.0}
at org.openqa.selenium.remote.ProtocolHandshake.createSession(ProtocolHandshake.java:140)
at io.appium.java_client.remote.AppiumProtocolHandshake.createSession(AppiumProtocolHandshake.java:133)
at io.appium.java_client.remote.AppiumProtocolHandshake.createSession(AppiumProtocolHandshake.java:102)
at io.appium.java_client.remote.AppiumCommandExecutor.createSession(AppiumCommandExecutor.java:194)
at io.appium.java_client.remote.AppiumCommandExecutor.execute(AppiumCommandExecutor.java:262)
at org.openqa.selenium.remote.RemoteWebDriver.execute(RemoteWebDriver.java:518)
at io.appium.java_client.AppiumDriver.startSession(AppiumDriver.java:229)
at org.openqa.selenium.remote.RemoteWebDriver.<init>(RemoteWebDriver.java:159)
at io.appium.java_client.AppiumDriver.<init>(AppiumDriver.java:80)
at io.appium.java_client.AppiumDriver.<init>(AppiumDriver.java:92)
at io.appium.java_client.android.AndroidDriver.<init>(AndroidDriver.java:117)
at Appium.BaseClass.getAndroidDriver(BaseClass.java:25)
at appium.Appium09UiSelectorTestCase.test(Appium09UiSelectorTestCase.java:35)
at java.base/java.util.ArrayList.forEach(ArrayList.java:1541)
... Removed 41 stack frames]]>
    </failure>
  </testcase> <!-- test -->
</testsuite> <!-- Command line test -->
