<?xml version="1.0" encoding="UTF-8" ?>
<testsuite tests="2" failures="2" name="TestSuite" time="43.78" errors="0" skipped="0">
  <properties>
[...]
</properties>
  <testcase classname="appium.ApiDemosTest" name="test" time="23.502">
    <failure message="Could not start a new session. Response code 500. Message: An unknown server-side error occurred while processing the command. Original error: Could not find a connected Android device in 20224ms. 
Host info: host: &apos;MY-THINKBOOK&apos;, ip: &apos;192.168.1.34&apos;
Build info: version: &apos;4.11.0&apos;, revision: &apos;040bc5406b&apos;
System info: os.name: &apos;Windows 10&apos;, os.arch: &apos;amd64&apos;, os.version: &apos;10.0&apos;, java.version: &apos;11.0.16.1&apos;
Driver info: io.appium.java_client.android.AndroidDriver
Command: [null, newSession {capabilities=[{appium:app=C:\Users\Lenovo\IdeaProjects\Appium\src\Apps\ApiDemos-debug.apk, appium:appActivity=com.android.permissioncontroller.permission.ui.ReviewPermissionsActivity, appium:appPackage=com.google.android.permissioncontroller, appium:automationName=UIAutomator2, appium:deviceName=masutcu, appium:noReset=true, platformName=ANDROID, appium:platformVersion=10}], desiredCapabilities=Capabilities {app: C:\Users\Lenovo\IdeaProject..., appActivity: com.android.permissioncontr..., appPackage: com.google.android.permissi..., automationName: UIAutomator2, deviceName: masutcu, noReset: true, platformName: ANDROID, platformVersion: 10}}]
Capabilities {app: C:\Users\Lenovo\IdeaProject..., appActivity: com.android.permissioncontr..., appPackage: com.google.android.permissi..., automationName: UIAutomator2, deviceName: masutcu, noReset: true, platformName: ANDROID, platformVersion: 10}" type="org.openqa.selenium.SessionNotCreatedException">org.openqa.selenium.SessionNotCreatedException: Could not start a new session. Response code 500. Message: An unknown server-side error occurred while processing the command. Original error: Could not find a connected Android device in 20224ms. 
Host info: host: &apos;MY-THINKBOOK&apos;, ip: &apos;192.168.1.34&apos;
Build info: version: &apos;4.11.0&apos;, revision: &apos;040bc5406b&apos;
System info: os.name: &apos;Windows 10&apos;, os.arch: &apos;amd64&apos;, os.version: &apos;10.0&apos;, java.version: &apos;11.0.16.1&apos;
Driver info: io.appium.java_client.android.AndroidDriver
Command: [null, newSession {capabilities=[{appium:app=C:\Users\Lenovo\IdeaProjects\Appium\src\Apps\ApiDemos-debug.apk, appium:appActivity=com.android.permissioncontroller.permission.ui.ReviewPermissionsActivity, appium:appPackage=com.google.android.permissioncontroller, appium:automationName=UIAutomator2, appium:deviceName=masutcu, appium:noReset=true, platformName=ANDROID, appium:platformVersion=10}], desiredCapabilities=Capabilities {app: C:\Users\Lenovo\IdeaProject..., appActivity: com.android.permissioncontr..., appPackage: com.google.android.permissi..., automationName: UIAutomator2, deviceName: masutcu, noReset: true, platformName: ANDROID, platformVersion: 10}}]
Capabilities {app: C:\Users\Lenovo\IdeaProject..., appActivity: com.android.permissioncontr..., appPackage: com.google.android.permissi..., automationName: UIAutomator2, deviceName: masutcu, noReset: true, platformName: ANDROID, platformVersion: 10}
	at org.openqa.selenium.remote.ProtocolHandshake.createSession(ProtocolHandshake.java:140)
	at java.base/jdk.internal.reflect.NativeMethodAccessorImpl.invoke0(Native Method)
	at java.base/jdk.internal.reflect.NativeMethodAccessorImpl.invoke(NativeMethodAccessorImpl.java:62)
	at java.base/jdk.internal.reflect.DelegatingMethodAccessorImpl.invoke(DelegatingMethodAccessorImpl.java:43)
	at java.base/java.lang.reflect.Method.invoke(Method.java:566)
	at io.appium.java_client.remote.AppiumProtocolHandshake.createSession(AppiumProtocolHandshake.java:133)
	at io.appium.java_client.remote.AppiumProtocolHandshake.createSession(AppiumProtocolHandshake.java:102)
	at io.appium.java_client.remote.AppiumCommandExecutor.createSession(AppiumCommandExecutor.java:194)
	at io.appium.java_client.remote.AppiumCommandExecutor.execute(AppiumCommandExecutor.java:262)
	at org.openqa.selenium.remote.RemoteWebDriver.execute(RemoteWebDriver.java:518)
	at io.appium.java_client.AppiumDriver.startSession(AppiumDriver.java:229)
	at org.openqa.selenium.remote.RemoteWebDriver.&lt;init&gt;(RemoteWebDriver.java:159)
	at io.appium.java_client.AppiumDriver.&lt;init&gt;(AppiumDriver.java:80)
	at io.appium.java_client.AppiumDriver.&lt;init&gt;(AppiumDriver.java:92)
	at io.appium.java_client.android.AndroidDriver.&lt;init&gt;(AndroidDriver.java:117)
	at appium.ApiDemosTest.test(ApiDemosTest.java:30)
</failure>
    <system-out>Configuring TestNG with: org.apache.maven.surefire.testng.conf.TestNG652Configurator@5f71c76a
</system-out>
    <system-err>SLF4J: No SLF4J providers were found.
SLF4J: Defaulting to no-operation (NOP) logger implementation
SLF4J: See https://www.slf4j.org/codes.html#noProviders for further details.
</system-err>
  </testcase>
  <testcase classname="appium.Appium09UiSelectorTestCase" name="test" time="20.278">
    <failure message="Could not start a new session. Response code 500. Message: An unknown server-side error occurred while processing the command. Original error: Could not find a connected Android device in 20213ms. 
Host info: host: &apos;MY-THINKBOOK&apos;, ip: &apos;192.168.1.34&apos;
Build info: version: &apos;4.11.0&apos;, revision: &apos;040bc5406b&apos;
System info: os.name: &apos;Windows 10&apos;, os.arch: &apos;amd64&apos;, os.version: &apos;10.0&apos;, java.version: &apos;11.0.16.1&apos;
Driver info: io.appium.java_client.android.AndroidDriver
Command: [null, newSession {capabilities=[{appium:app=C:\Users\Lenovo\IdeaProjects\Appium\src\Apps\GestureTool.apk, appium:automationName=UiAutomator2, appium:deviceName=RealDevice, appium:noReset=true, platformName=ANDROID, appium:platformVersion=13.0}], desiredCapabilities=Capabilities {app: C:\Users\Lenovo\IdeaProject..., automationName: UiAutomator2, deviceName: RealDevice, noReset: true, platformName: ANDROID, platformVersion: 13.0}}]
Capabilities {app: C:\Users\Lenovo\IdeaProject..., automationName: UiAutomator2, deviceName: RealDevice, noReset: true, platformName: ANDROID, platformVersion: 13.0}" type="org.openqa.selenium.SessionNotCreatedException">org.openqa.selenium.SessionNotCreatedException: Could not start a new session. Response code 500. Message: An unknown server-side error occurred while processing the command. Original error: Could not find a connected Android device in 20213ms. 
Host info: host: &apos;MY-THINKBOOK&apos;, ip: &apos;192.168.1.34&apos;
Build info: version: &apos;4.11.0&apos;, revision: &apos;040bc5406b&apos;
System info: os.name: &apos;Windows 10&apos;, os.arch: &apos;amd64&apos;, os.version: &apos;10.0&apos;, java.version: &apos;11.0.16.1&apos;
Driver info: io.appium.java_client.android.AndroidDriver
Command: [null, newSession {capabilities=[{appium:app=C:\Users\Lenovo\IdeaProjects\Appium\src\Apps\GestureTool.apk, appium:automationName=UiAutomator2, appium:deviceName=RealDevice, appium:noReset=true, platformName=ANDROID, appium:platformVersion=13.0}], desiredCapabilities=Capabilities {app: C:\Users\Lenovo\IdeaProject..., automationName: UiAutomator2, deviceName: RealDevice, noReset: true, platformName: ANDROID, platformVersion: 13.0}}]
Capabilities {app: C:\Users\Lenovo\IdeaProject..., automationName: UiAutomator2, deviceName: RealDevice, noReset: true, platformName: ANDROID, platformVersion: 13.0}
	at org.openqa.selenium.remote.ProtocolHandshake.createSession(ProtocolHandshake.java:140)
	at java.base/jdk.internal.reflect.NativeMethodAccessorImpl.invoke0(Native Method)
	at java.base/jdk.internal.reflect.NativeMethodAccessorImpl.invoke(NativeMethodAccessorImpl.java:62)
	at java.base/jdk.internal.reflect.DelegatingMethodAccessorImpl.invoke(DelegatingMethodAccessorImpl.java:43)
	at java.base/java.lang.reflect.Method.invoke(Method.java:566)
	at io.appium.java_client.remote.AppiumProtocolHandshake.createSession(AppiumProtocolHandshake.java:133)
	at io.appium.java_client.remote.AppiumProtocolHandshake.createSession(AppiumProtocolHandshake.java:102)
	at io.appium.java_client.remote.AppiumCommandExecutor.createSession(AppiumCommandExecutor.java:194)
	at io.appium.java_client.remote.AppiumCommandExecutor.execute(AppiumCommandExecutor.java:262)
	at org.openqa.selenium.remote.RemoteWebDriver.execute(RemoteWebDriver.java:518)
	at io.appium.java_client.AppiumDriver.startSession(AppiumDriver.java:229)
	at org.openqa.selenium.remote.RemoteWebDriver.&lt;init&gt;(RemoteWebDriver.java:159)
	at io.appium.java_client.AppiumDriver.&lt;init&gt;(AppiumDriver.java:80)
	at io.appium.java_client.AppiumDriver.&lt;init&gt;(AppiumDriver.java:92)
	at io.appium.java_client.android.AndroidDriver.&lt;init&gt;(AndroidDriver.java:117)
	at Appium.BaseClass.getAndroidDriver(BaseClass.java:25)
	at appium.Appium09UiSelectorTestCase.test(Appium09UiSelectorTestCase.java:35)
</failure>
  </testcase>
</testsuite>